dbt_amplitude: dbt run failed
dbt_amplitude: dbt test failed
dbt_amplitude_source: dbt run failed
dbt_amplitude_source: dbt test failed
dbt_app_reporting: dbt run failed
dbt_app_reporting: dbt test failed
dbt_apple_store: dbt run failed
dbt_apple_store: dbt test failed
dbt_asana: dbt run failed
dbt_asana: dbt test failed
dbt_asana_source: dbt run failed
dbt_asana_source: dbt test failed
dbt_dynamics_365_crm: dbt run failed
dbt_fivetran_log: dbt run failed
dbt_fivetran_log: dbt test failed
dbt_fivetran_utils: dbt seed failed
dbt_fivetran_utils: dbt run failed
dbt_fivetran_utils: dbt test failed
dbt_github: dbt run failed
dbt_github: dbt test failed
dbt_github_source: dbt run failed
dbt_github_source: dbt test failed
dbt_greenhouse: dbt run failed
dbt_greenhouse: dbt test failed
dbt_greenhouse_source: dbt run failed
dbt_greenhouse_source: dbt test failed
dbt_hubspot: dbt run failed
dbt_hubspot: dbt test failed
dbt_hubspot_source: dbt run failed
dbt_hubspot_source: dbt test failed
dbt_intercom: dbt run failed
dbt_intercom: dbt test failed
dbt_intercom_source: dbt run failed
dbt_intercom_source: dbt test failed
dbt_iterable: dbt run failed
dbt_iterable: dbt test failed
dbt_iterable_source: dbt run failed
dbt_iterable_source: dbt test failed
dbt_jira: dbt run failed
dbt_jira: dbt test failed
dbt_jira_source: dbt run failed
dbt_jira_source: dbt test failed
dbt_mailchimp: dbt run failed
dbt_mailchimp: dbt test failed
dbt_mailchimp_source: dbt run failed
dbt_mailchimp_source: dbt test failed
dbt_marketo: dbt run failed
dbt_marketo: dbt test failed
dbt_marketo_source: dbt run failed
dbt_marketo_source: dbt test failed
dbt_mixpanel: dbt run failed
dbt_mixpanel: dbt test failed
dbt_netsuite: dbt run failed
dbt_netsuite: dbt test failed
dbt_netsuite_source: dbt run failed
dbt_netsuite_source: dbt test failed
dbt_pardot: dbt run failed
dbt_pardot: dbt test failed
dbt_pardot_source: dbt run failed
dbt_pardot_source: dbt test failed
dbt_pendo: dbt run failed
dbt_pendo: dbt test failed
dbt_pendo_source: dbt run failed
dbt_pendo_source: dbt test failed
dbt_recharge: dbt run failed
dbt_recharge: dbt test failed
dbt_recharge_source: dbt run failed
dbt_recharge_source: dbt test failed
dbt_recurly: dbt run failed
dbt_recurly: dbt test failed
dbt_recurly_source: dbt run failed
dbt_recurly_source: dbt test failed
dbt_sage_intacct: dbt run failed
dbt_sage_intacct: dbt test failed
dbt_sage_intacct_source: dbt run failed
dbt_sage_intacct_source: dbt test failed
dbt_salesforce: dbt run failed
dbt_salesforce: dbt test failed
dbt_salesforce_formula_utils: dbt run failed
dbt_salesforce_source: dbt run failed
dbt_salesforce_source: dbt test failed
dbt_sap: dbt run failed
dbt_sap: dbt test failed
dbt_sap_source: dbt run failed
dbt_sap_source: dbt test failed
dbt_social_media_reporting: dbt run failed
dbt_social_media_reporting: dbt test failed
dbt_twilio: dbt run failed
dbt_twilio: dbt test failed
dbt_twilio_source: dbt run failed
dbt_twilio_source: dbt test failed
dbt_youtube_analytics: dbt run failed
dbt_youtube_analytics: dbt test failed
dbt_zendesk: dbt run failed
dbt_zuora: dbt run failed
dbt_zuora: dbt test failed
dbt_zuora_source: dbt run failed
dbt_zuora_source: dbt test failed
dbt_fullstory: dbt run failed
dbt_fullstory: dbt test failed
fhir-dbt-utils: dbt run failed
dbt-data-diff: dbt test failed
dbt-alert: dbt run failed
dbt-alert: dbt test failed
dbt-tags: dbt run failed
dbt-tags: dbt test failed
dq-tools: dbt test failed
dq-vault: dbt deps failed
dq-vault: dbt seed failed
dq-vault: dbt run failed
dq-vault: dbt test failed
data_profiler: dbt run failed
data_profiler: dbt test failed
dbt-graph-theory: dbt run failed
dbt-graph-theory: dbt test failed
upstream-prod: dbt seed failed
upstream-prod: dbt run failed
upstream-prod: dbt test failed
materialize-dbt-utils: dbt seed failed
materialize-dbt-utils: dbt run failed
materialize-dbt-utils: dbt test failed
dbt-ml-inline-preprocessing: dbt run failed
dbt-ml-inline-preprocessing: dbt test failed
dbt-set-similarity: dbt test failed
dbt-datamocktool: dbt run failed
dbt-datamocktool: dbt test failed
dbt_product_analytics: dbt test failed
dbt-re-data: dbt run failed
dbt-re-data: dbt test failed
dbt-model-usage: dbt test failed
lakehouse_utils: dbt test failed
dbt_constraints: dbt test failed
dbt-snowplow-attribution: dbt run failed
dbt-snowplow-attribution: dbt test failed
dbt-snowplow-ecommerce: dbt test failed
dbt-snowplow-fractribution: dbt run failed
dbt-snowplow-fractribution: dbt test failed
dbt-snowplow-media-player: dbt test failed
dbt-snowplow-mobile: dbt test failed
dbt-snowplow-normalize: dbt seed failed
dbt-snowplow-normalize: dbt run failed
dbt-snowplow-normalize: dbt test failed
dbt-snowplow-unified: dbt run failed
dbt-snowplow-unified: dbt test failed
dbt-snowplow-utils: dbt run failed
dbt-snowplow-utils: dbt test failed
dbt-snowplow-web: dbt run failed
dbt-snowplow-web: dbt test failed
dbt-trino-utils: dbt seed failed
dbt-trino-utils: dbt run failed
dbt-trino-utils: dbt test failed
tasman-identity-graph: dbt test failed
dbt-metalog: dbt run failed
dbt-meta-testing: dbt test failed
the_tuva_project: dbt seed failed
the_tuva_project: dbt run failed
the_tuva_project: dbt test failed
dbt-airflow-macros: dbt seed failed
dbt-airflow-macros: dbt run failed
dbt-airflow-macros: dbt test failed
dbt-gcp-billing: dbt run failed
dbt-ops: dbt run failed
dbt-ops: dbt test failed
